{ level: 'error', timestamp: '2023-04-03 17:34:35' }
{ level: 'error', timestamp: '2023-04-03 17:39:56' }
{ level: 'error', timestamp: '2023-04-03 17:42:40' }
{
  level: 'error',
  message: 'Could not find genres Could not find genres',
  stack: 'Error: Could not find genres\n' +
    '    at /home/himasnhu/Desktop/express-demo/routes/genres.js:10:11\n' +
    '    at /home/himasnhu/Desktop/express-demo/middleware/async.js:4:19\n' +
    '    at Layer.handle [as handle_request] (/home/himasnhu/Desktop/express-demo/node_modules/express/lib/router/layer.js:95:5)\n' +
    '    at next (/home/himasnhu/Desktop/express-demo/node_modules/express/lib/router/route.js:144:13)\n' +
    '    at Route.dispatch (/home/himasnhu/Desktop/express-demo/node_modules/express/lib/router/route.js:114:3)\n' +
    '    at Layer.handle [as handle_request] (/home/himasnhu/Desktop/express-demo/node_modules/express/lib/router/layer.js:95:5)\n' +
    '    at /home/himasnhu/Desktop/express-demo/node_modules/express/lib/router/index.js:284:15\n' +
    '    at Function.process_params (/home/himasnhu/Desktop/express-demo/node_modules/express/lib/router/index.js:346:12)\n' +
    '    at next (/home/himasnhu/Desktop/express-demo/node_modules/express/lib/router/index.js:280:10)\n' +
    '    at Function.handle (/home/himasnhu/Desktop/express-demo/node_modules/express/lib/router/index.js:175:3)',
  timestamp: '2023-04-03 17:51:36'
}
{
  level: 'error',
  message: 'Converting circular structure to JSON\n' +
    "    --> starting at object with constructor 'MongoClient'\n" +
    "    |     property 's' -> object with constructor 'Object'\n" +
    "    |     property 'sessionPool' -> object with constructor 'ServerSessionPool'\n" +
    "    --- property 'client' closes the circle Converting circular structure to JSON\n" +
    "    --> starting at object with constructor 'MongoClient'\n" +
    "    |     property 's' -> object with constructor 'Object'\n" +
    "    |     property 'sessionPool' -> object with constructor 'ServerSessionPool'\n" +
    "    --- property 'client' closes the circle",
  stack: 'TypeError: Converting circular structure to JSON\n' +
    "    --> starting at object with constructor 'MongoClient'\n" +
    "    |     property 's' -> object with constructor 'Object'\n" +
    "    |     property 'sessionPool' -> object with constructor 'ServerSessionPool'\n" +
    "    --- property 'client' closes the circle\n" +
    '    at JSON.stringify (<anonymous>)\n' +
    '    at stringify (/home/himasnhu/Desktop/express-demo/node_modules/express/lib/response.js:1150:12)\n' +
    '    at ServerResponse.json (/home/himasnhu/Desktop/express-demo/node_modules/express/lib/response.js:271:14)\n' +
    '    at ServerResponse.send (/home/himasnhu/Desktop/express-demo/node_modules/express/lib/response.js:162:21)\n' +
    '    at send (/home/himasnhu/Desktop/express-demo/routes/genres.js:18:9)\n' +
    '    at handler (/home/himasnhu/Desktop/express-demo/middleware/async.js:4:19)\n' +
    '    at Layer.handle [as handle_request] (/home/himasnhu/Desktop/express-demo/node_modules/express/lib/router/layer.js:95:5)\n' +
    '    at next (/home/himasnhu/Desktop/express-demo/node_modules/express/lib/router/route.js:144:13)\n' +
    '    at Route.dispatch (/home/himasnhu/Desktop/express-demo/node_modules/express/lib/router/route.js:114:3)\n' +
    '    at Layer.handle [as handle_request] (/home/himasnhu/Desktop/express-demo/node_modules/express/lib/router/layer.js:95:5)\n' +
    '    at /home/himasnhu/Desktop/express-demo/node_modules/express/lib/router/index.js:284:15\n' +
    '    at param (/home/himasnhu/Desktop/express-demo/node_modules/express/lib/router/index.js:365:14)\n' +
    '    at param (/home/himasnhu/Desktop/express-demo/node_modules/express/lib/router/index.js:376:14)\n' +
    '    at Function.process_params (/home/himasnhu/Desktop/express-demo/node_modules/express/lib/router/index.js:421:3)\n' +
    '    at next (/home/himasnhu/Desktop/express-demo/node_modules/express/lib/router/index.js:280:10)\n' +
    '    at Function.handle (/home/himasnhu/Desktop/express-demo/node_modules/express/lib/router/index.js:175:3)\n' +
    '    at router (/home/himasnhu/Desktop/express-demo/node_modules/express/lib/router/index.js:47:12)\n' +
    '    at Layer.handle [as handle_request] (/home/himasnhu/Desktop/express-demo/node_modules/express/lib/router/layer.js:95:5)\n' +
    '    at trim_prefix (/home/himasnhu/Desktop/express-demo/node_modules/express/lib/router/index.js:328:13)\n' +
    '    at /home/himasnhu/Desktop/express-demo/node_modules/express/lib/router/index.js:286:9\n' +
    '    at Function.process_params (/home/himasnhu/Desktop/express-demo/node_modules/express/lib/router/index.js:346:12)\n' +
    '    at next (/home/himasnhu/Desktop/express-demo/node_modules/express/lib/router/index.js:280:10)\n' +
    '    at jsonParser (/home/himasnhu/Desktop/express-demo/node_modules/body-parser/lib/types/json.js:110:7)\n' +
    '    at Layer.handle [as handle_request] (/home/himasnhu/Desktop/express-demo/node_modules/express/lib/router/layer.js:95:5)\n' +
    '    at trim_prefix (/home/himasnhu/Desktop/express-demo/node_modules/express/lib/router/index.js:328:13)\n' +
    '    at /home/himasnhu/Desktop/express-demo/node_modules/express/lib/router/index.js:286:9\n' +
    '    at Function.process_params (/home/himasnhu/Desktop/express-demo/node_modules/express/lib/router/index.js:346:12)\n' +
    '    at next (/home/himasnhu/Desktop/express-demo/node_modules/express/lib/router/index.js:280:10)\n' +
    '    at expressInit (/home/himasnhu/Desktop/express-demo/node_modules/express/lib/middleware/init.js:40:5)\n' +
    '    at Layer.handle [as handle_request] (/home/himasnhu/Desktop/express-demo/node_modules/express/lib/router/layer.js:95:5)\n' +
    '    at trim_prefix (/home/himasnhu/Desktop/express-demo/node_modules/express/lib/router/index.js:328:13)\n' +
    '    at /home/himasnhu/Desktop/express-demo/node_modules/express/lib/router/index.js:286:9\n' +
    '    at Function.process_params (/home/himasnhu/Desktop/express-demo/node_modules/express/lib/router/index.js:346:12)\n' +
    '    at next (/home/himasnhu/Desktop/express-demo/node_modules/express/lib/router/index.js:280:10)\n' +
    '    at query (/home/himasnhu/Desktop/express-demo/node_modules/express/lib/middleware/query.js:45:5)\n' +
    '    at Layer.handle [as handle_request] (/home/himasnhu/Desktop/express-demo/node_modules/express/lib/router/layer.js:95:5)\n' +
    '    at trim_prefix (/home/himasnhu/Desktop/express-demo/node_modules/express/lib/router/index.js:328:13)\n' +
    '    at /home/himasnhu/Desktop/express-demo/node_modules/express/lib/router/index.js:286:9\n' +
    '    at Function.process_params (/home/himasnhu/Desktop/express-demo/node_modules/express/lib/router/index.js:346:12)\n' +
    '    at next (/home/himasnhu/Desktop/express-demo/node_modules/express/lib/router/index.js:280:10)\n' +
    '    at Function.handle (/home/himasnhu/Desktop/express-demo/node_modules/express/lib/router/index.js:175:3)\n' +
    '    at Function.handle (/home/himasnhu/Desktop/express-demo/node_modules/express/lib/application.js:181:10)\n' +
    '    at Server.app (/home/himasnhu/Desktop/express-demo/node_modules/express/lib/express.js:39:9)\n' +
    '    at Server.emit (node:events:513:28)\n' +
    '    at parserOnIncoming (node:_http_server:998:12)\n' +
    '    at HTTPParser.parserOnHeadersComplete (node:_http_common:128:17)',
  timestamp: '2023-04-03 20:18:42'
}
{
  level: 'error',
  message: 'Converting circular structure to JSON\n' +
    "    --> starting at object with constructor 'MongoClient'\n" +
    "    |     property 's' -> object with constructor 'Object'\n" +
    "    |     property 'sessionPool' -> object with constructor 'ServerSessionPool'\n" +
    "    --- property 'client' closes the circle Converting circular structure to JSON\n" +
    "    --> starting at object with constructor 'MongoClient'\n" +
    "    |     property 's' -> object with constructor 'Object'\n" +
    "    |     property 'sessionPool' -> object with constructor 'ServerSessionPool'\n" +
    "    --- property 'client' closes the circle",
  stack: 'TypeError: Converting circular structure to JSON\n' +
    "    --> starting at object with constructor 'MongoClient'\n" +
    "    |     property 's' -> object with constructor 'Object'\n" +
    "    |     property 'sessionPool' -> object with constructor 'ServerSessionPool'\n" +
    "    --- property 'client' closes the circle\n" +
    '    at JSON.stringify (<anonymous>)\n' +
    '    at stringify (/home/himasnhu/Desktop/express-demo/node_modules/express/lib/response.js:1150:12)\n' +
    '    at ServerResponse.json (/home/himasnhu/Desktop/express-demo/node_modules/express/lib/response.js:271:14)\n' +
    '    at ServerResponse.send (/home/himasnhu/Desktop/express-demo/node_modules/express/lib/response.js:162:21)\n' +
    '    at /home/himasnhu/Desktop/express-demo/routes/genres.js:18:9\n' +
    '    at /home/himasnhu/Desktop/express-demo/middleware/async.js:4:19\n' +
    '    at Layer.handle [as handle_request] (/home/himasnhu/Desktop/express-demo/node_modules/express/lib/router/layer.js:95:5)\n' +
    '    at next (/home/himasnhu/Desktop/express-demo/node_modules/express/lib/router/route.js:144:13)\n' +
    '    at Route.dispatch (/home/himasnhu/Desktop/express-demo/node_modules/express/lib/router/route.js:114:3)\n' +
    '    at Layer.handle [as handle_request] (/home/himasnhu/Desktop/express-demo/node_modules/express/lib/router/layer.js:95:5)',
  timestamp: '2023-04-03 20:24:33'
}
{
  level: 'error',
  message: 'Converting circular structure to JSON\n' +
    "    --> starting at object with constructor 'MongoClient'\n" +
    "    |     property 's' -> object with constructor 'Object'\n" +
    "    |     property 'sessionPool' -> object with constructor 'ServerSessionPool'\n" +
    "    --- property 'client' closes the circle Converting circular structure to JSON\n" +
    "    --> starting at object with constructor 'MongoClient'\n" +
    "    |     property 's' -> object with constructor 'Object'\n" +
    "    |     property 'sessionPool' -> object with constructor 'ServerSessionPool'\n" +
    "    --- property 'client' closes the circle",
  stack: 'TypeError: Converting circular structure to JSON\n' +
    "    --> starting at object with constructor 'MongoClient'\n" +
    "    |     property 's' -> object with constructor 'Object'\n" +
    "    |     property 'sessionPool' -> object with constructor 'ServerSessionPool'\n" +
    "    --- property 'client' closes the circle\n" +
    '    at JSON.stringify (<anonymous>)\n' +
    '    at stringify (/home/himasnhu/Desktop/express-demo/node_modules/express/lib/response.js:1150:12)\n' +
    '    at ServerResponse.json (/home/himasnhu/Desktop/express-demo/node_modules/express/lib/response.js:271:14)\n' +
    '    at ServerResponse.send (/home/himasnhu/Desktop/express-demo/node_modules/express/lib/response.js:162:21)\n' +
    '    at /home/himasnhu/Desktop/express-demo/routes/genres.js:18:9\n' +
    '    at /home/himasnhu/Desktop/express-demo/middleware/async.js:4:19\n' +
    '    at Layer.handle [as handle_request] (/home/himasnhu/Desktop/express-demo/node_modules/express/lib/router/layer.js:95:5)\n' +
    '    at next (/home/himasnhu/Desktop/express-demo/node_modules/express/lib/router/route.js:144:13)\n' +
    '    at Route.dispatch (/home/himasnhu/Desktop/express-demo/node_modules/express/lib/router/route.js:114:3)\n' +
    '    at Layer.handle [as handle_request] (/home/himasnhu/Desktop/express-demo/node_modules/express/lib/router/layer.js:95:5)',
  timestamp: '2023-04-03 20:25:28'
}
{
  level: 'error',
  message: 'Converting circular structure to JSON\n' +
    "    --> starting at object with constructor 'MongoClient'\n" +
    "    |     property 's' -> object with constructor 'Object'\n" +
    "    |     property 'sessionPool' -> object with constructor 'ServerSessionPool'\n" +
    "    --- property 'client' closes the circle Converting circular structure to JSON\n" +
    "    --> starting at object with constructor 'MongoClient'\n" +
    "    |     property 's' -> object with constructor 'Object'\n" +
    "    |     property 'sessionPool' -> object with constructor 'ServerSessionPool'\n" +
    "    --- property 'client' closes the circle",
  stack: 'TypeError: Converting circular structure to JSON\n' +
    "    --> starting at object with constructor 'MongoClient'\n" +
    "    |     property 's' -> object with constructor 'Object'\n" +
    "    |     property 'sessionPool' -> object with constructor 'ServerSessionPool'\n" +
    "    --- property 'client' closes the circle\n" +
    '    at JSON.stringify (<anonymous>)\n' +
    '    at stringify (/home/himasnhu/Desktop/express-demo/node_modules/express/lib/response.js:1150:12)\n' +
    '    at ServerResponse.json (/home/himasnhu/Desktop/express-demo/node_modules/express/lib/response.js:271:14)\n' +
    '    at ServerResponse.send (/home/himasnhu/Desktop/express-demo/node_modules/express/lib/response.js:162:21)\n' +
    '    at /home/himasnhu/Desktop/express-demo/routes/genres.js:18:9\n' +
    '    at /home/himasnhu/Desktop/express-demo/middleware/async.js:4:19\n' +
    '    at Layer.handle [as handle_request] (/home/himasnhu/Desktop/express-demo/node_modules/express/lib/router/layer.js:95:5)\n' +
    '    at next (/home/himasnhu/Desktop/express-demo/node_modules/express/lib/router/route.js:144:13)\n' +
    '    at Route.dispatch (/home/himasnhu/Desktop/express-demo/node_modules/express/lib/router/route.js:114:3)\n' +
    '    at Layer.handle [as handle_request] (/home/himasnhu/Desktop/express-demo/node_modules/express/lib/router/layer.js:95:5)',
  timestamp: '2023-04-03 20:25:43'
}
{
  level: 'error',
  message: 'Converting circular structure to JSON\n' +
    "    --> starting at object with constructor 'MongoClient'\n" +
    "    |     property 's' -> object with constructor 'Object'\n" +
    "    |     property 'sessionPool' -> object with constructor 'ServerSessionPool'\n" +
    "    --- property 'client' closes the circle Converting circular structure to JSON\n" +
    "    --> starting at object with constructor 'MongoClient'\n" +
    "    |     property 's' -> object with constructor 'Object'\n" +
    "    |     property 'sessionPool' -> object with constructor 'ServerSessionPool'\n" +
    "    --- property 'client' closes the circle",
  stack: 'TypeError: Converting circular structure to JSON\n' +
    "    --> starting at object with constructor 'MongoClient'\n" +
    "    |     property 's' -> object with constructor 'Object'\n" +
    "    |     property 'sessionPool' -> object with constructor 'ServerSessionPool'\n" +
    "    --- property 'client' closes the circle\n" +
    '    at JSON.stringify (<anonymous>)\n' +
    '    at stringify (/home/himasnhu/Desktop/express-demo/node_modules/express/lib/response.js:1150:12)\n' +
    '    at ServerResponse.json (/home/himasnhu/Desktop/express-demo/node_modules/express/lib/response.js:271:14)\n' +
    '    at ServerResponse.send (/home/himasnhu/Desktop/express-demo/node_modules/express/lib/response.js:162:21)\n' +
    '    at /home/himasnhu/Desktop/express-demo/routes/genres.js:18:9\n' +
    '    at /home/himasnhu/Desktop/express-demo/middleware/async.js:4:19\n' +
    '    at Layer.handle [as handle_request] (/home/himasnhu/Desktop/express-demo/node_modules/express/lib/router/layer.js:95:5)\n' +
    '    at next (/home/himasnhu/Desktop/express-demo/node_modules/express/lib/router/route.js:144:13)\n' +
    '    at Route.dispatch (/home/himasnhu/Desktop/express-demo/node_modules/express/lib/router/route.js:114:3)\n' +
    '    at Layer.handle [as handle_request] (/home/himasnhu/Desktop/express-demo/node_modules/express/lib/router/layer.js:95:5)',
  timestamp: '2023-04-03 20:35:15'
}
{
  level: 'error',
  message: 'Converting circular structure to JSON\n' +
    "    --> starting at object with constructor 'MongoClient'\n" +
    "    |     property 's' -> object with constructor 'Object'\n" +
    "    |     property 'sessionPool' -> object with constructor 'ServerSessionPool'\n" +
    "    --- property 'client' closes the circle Converting circular structure to JSON\n" +
    "    --> starting at object with constructor 'MongoClient'\n" +
    "    |     property 's' -> object with constructor 'Object'\n" +
    "    |     property 'sessionPool' -> object with constructor 'ServerSessionPool'\n" +
    "    --- property 'client' closes the circle",
  stack: 'TypeError: Converting circular structure to JSON\n' +
    "    --> starting at object with constructor 'MongoClient'\n" +
    "    |     property 's' -> object with constructor 'Object'\n" +
    "    |     property 'sessionPool' -> object with constructor 'ServerSessionPool'\n" +
    "    --- property 'client' closes the circle\n" +
    '    at JSON.stringify (<anonymous>)\n' +
    '    at stringify (/home/himasnhu/Desktop/express-demo/node_modules/express/lib/response.js:1150:12)\n' +
    '    at ServerResponse.json (/home/himasnhu/Desktop/express-demo/node_modules/express/lib/response.js:271:14)\n' +
    '    at ServerResponse.send (/home/himasnhu/Desktop/express-demo/node_modules/express/lib/response.js:162:21)\n' +
    '    at /home/himasnhu/Desktop/express-demo/routes/genres.js:18:9\n' +
    '    at /home/himasnhu/Desktop/express-demo/middleware/async.js:4:19\n' +
    '    at Layer.handle [as handle_request] (/home/himasnhu/Desktop/express-demo/node_modules/express/lib/router/layer.js:95:5)\n' +
    '    at next (/home/himasnhu/Desktop/express-demo/node_modules/express/lib/router/route.js:144:13)\n' +
    '    at Route.dispatch (/home/himasnhu/Desktop/express-demo/node_modules/express/lib/router/route.js:114:3)\n' +
    '    at Layer.handle [as handle_request] (/home/himasnhu/Desktop/express-demo/node_modules/express/lib/router/layer.js:95:5)',
  timestamp: '2023-04-03 20:36:02'
}
{
  level: 'error',
  message: 'Converting circular structure to JSON\n' +
    "    --> starting at object with constructor 'MongoClient'\n" +
    "    |     property 's' -> object with constructor 'Object'\n" +
    "    |     property 'sessionPool' -> object with constructor 'ServerSessionPool'\n" +
    "    --- property 'client' closes the circle Converting circular structure to JSON\n" +
    "    --> starting at object with constructor 'MongoClient'\n" +
    "    |     property 's' -> object with constructor 'Object'\n" +
    "    |     property 'sessionPool' -> object with constructor 'ServerSessionPool'\n" +
    "    --- property 'client' closes the circle",
  stack: 'TypeError: Converting circular structure to JSON\n' +
    "    --> starting at object with constructor 'MongoClient'\n" +
    "    |     property 's' -> object with constructor 'Object'\n" +
    "    |     property 'sessionPool' -> object with constructor 'ServerSessionPool'\n" +
    "    --- property 'client' closes the circle\n" +
    '    at JSON.stringify (<anonymous>)\n' +
    '    at stringify (/home/himasnhu/Desktop/express-demo/node_modules/express/lib/response.js:1150:12)\n' +
    '    at ServerResponse.json (/home/himasnhu/Desktop/express-demo/node_modules/express/lib/response.js:271:14)\n' +
    '    at ServerResponse.send (/home/himasnhu/Desktop/express-demo/node_modules/express/lib/response.js:162:21)\n' +
    '    at /home/himasnhu/Desktop/express-demo/routes/genres.js:19:9\n' +
    '    at /home/himasnhu/Desktop/express-demo/middleware/async.js:4:19\n' +
    '    at Layer.handle [as handle_request] (/home/himasnhu/Desktop/express-demo/node_modules/express/lib/router/layer.js:95:5)\n' +
    '    at next (/home/himasnhu/Desktop/express-demo/node_modules/express/lib/router/route.js:144:13)\n' +
    '    at Route.dispatch (/home/himasnhu/Desktop/express-demo/node_modules/express/lib/router/route.js:114:3)\n' +
    '    at Layer.handle [as handle_request] (/home/himasnhu/Desktop/express-demo/node_modules/express/lib/router/layer.js:95:5)',
  timestamp: '2023-04-03 20:41:54'
}
{
  level: 'error',
  message: 'Converting circular structure to JSON\n' +
    "    --> starting at object with constructor 'MongoClient'\n" +
    "    |     property 's' -> object with constructor 'Object'\n" +
    "    |     property 'sessionPool' -> object with constructor 'ServerSessionPool'\n" +
    "    --- property 'client' closes the circle Converting circular structure to JSON\n" +
    "    --> starting at object with constructor 'MongoClient'\n" +
    "    |     property 's' -> object with constructor 'Object'\n" +
    "    |     property 'sessionPool' -> object with constructor 'ServerSessionPool'\n" +
    "    --- property 'client' closes the circle",
  stack: 'TypeError: Converting circular structure to JSON\n' +
    "    --> starting at object with constructor 'MongoClient'\n" +
    "    |     property 's' -> object with constructor 'Object'\n" +
    "    |     property 'sessionPool' -> object with constructor 'ServerSessionPool'\n" +
    "    --- property 'client' closes the circle\n" +
    '    at JSON.stringify (<anonymous>)\n' +
    '    at stringify (/home/himasnhu/Desktop/express-demo/node_modules/express/lib/response.js:1150:12)\n' +
    '    at ServerResponse.json (/home/himasnhu/Desktop/express-demo/node_modules/express/lib/response.js:271:14)\n' +
    '    at ServerResponse.send (/home/himasnhu/Desktop/express-demo/node_modules/express/lib/response.js:162:21)\n' +
    '    at /home/himasnhu/Desktop/express-demo/routes/genres.js:20:9\n' +
    '    at /home/himasnhu/Desktop/express-demo/middleware/async.js:4:19\n' +
    '    at Layer.handle [as handle_request] (/home/himasnhu/Desktop/express-demo/node_modules/express/lib/router/layer.js:95:5)\n' +
    '    at next (/home/himasnhu/Desktop/express-demo/node_modules/express/lib/router/route.js:144:13)\n' +
    '    at Route.dispatch (/home/himasnhu/Desktop/express-demo/node_modules/express/lib/router/route.js:114:3)\n' +
    '    at Layer.handle [as handle_request] (/home/himasnhu/Desktop/express-demo/node_modules/express/lib/router/layer.js:95:5)',
  timestamp: '2023-04-03 20:44:16'
}
{
  stringValue: '"1"',
  messageFormat: undefined,
  kind: 'ObjectId',
  value: '1',
  path: '_id',
  reason: BSONError: Argument passed in must be a string of 12 bytes or a string of 24 hex characters or an integer
      at new ObjectId (/home/himasnhu/Desktop/express-demo/node_modules/bson/src/objectid.ts:88:15)
      at castObjectId (/home/himasnhu/Desktop/express-demo/node_modules/mongoose/lib/cast/objectid.js:25:12)
      at ObjectId.Object.<anonymous>.ObjectId.cast (/home/himasnhu/Desktop/express-demo/node_modules/mongoose/lib/schema/objectid.js:246:12)
      at ObjectId.Object.<anonymous>.SchemaType.applySetters (/home/himasnhu/Desktop/express-demo/node_modules/mongoose/lib/schematype.js:1202:12)
      at ObjectId.Object.<anonymous>.SchemaType.castForQuery (/home/himasnhu/Desktop/express-demo/node_modules/mongoose/lib/schematype.js:1613:15)
      at cast (/home/himasnhu/Desktop/express-demo/node_modules/mongoose/lib/cast.js:348:32)
      at model.Query.Object.<anonymous>.Query.cast (/home/himasnhu/Desktop/express-demo/node_modules/mongoose/lib/query.js:4791:12)
      at model.Query.Object.<anonymous>.Query._castConditions (/home/himasnhu/Desktop/express-demo/node_modules/mongoose/lib/query.js:2177:10)
      at model.Query._findOne (/home/himasnhu/Desktop/express-demo/node_modules/mongoose/lib/query.js:2465:8)
      at model.Query.exec (/home/himasnhu/Desktop/express-demo/node_modules/mongoose/lib/query.js:4321:28)
      at processTicksAndRejections (node:internal/process/task_queues:96:5)
      at /home/himasnhu/Desktop/express-demo/routes/genres.js:20:17
      at /home/himasnhu/Desktop/express-demo/middleware/async.js:4:13,
  valueType: 'string',
  model: Model { Genre },
  level: 'error',
  message: 'Cast to ObjectId failed for value "1" (type string) at path "_id" for model "Genre" Cast to ObjectId failed for value "1" (type string) at path "_id" for model "Genre"',
  stack: 'CastError: Cast to ObjectId failed for value "1" (type string) at path "_id" for model "Genre"\n' +
    '    at ObjectId.Object.<anonymous>.ObjectId.cast (/home/himasnhu/Desktop/express-demo/node_modules/mongoose/lib/schema/objectid.js:248:11)\n' +
    '    at ObjectId.Object.<anonymous>.SchemaType.applySetters (/home/himasnhu/Desktop/express-demo/node_modules/mongoose/lib/schematype.js:1202:12)\n' +
    '    at ObjectId.Object.<anonymous>.SchemaType.castForQuery (/home/himasnhu/Desktop/express-demo/node_modules/mongoose/lib/schematype.js:1613:15)\n' +
    '    at cast (/home/himasnhu/Desktop/express-demo/node_modules/mongoose/lib/cast.js:348:32)\n' +
    '    at model.Query.Object.<anonymous>.Query.cast (/home/himasnhu/Desktop/express-demo/node_modules/mongoose/lib/query.js:4791:12)\n' +
    '    at model.Query.Object.<anonymous>.Query._castConditions (/home/himasnhu/Desktop/express-demo/node_modules/mongoose/lib/query.js:2177:10)\n' +
    '    at model.Query._findOne (/home/himasnhu/Desktop/express-demo/node_modules/mongoose/lib/query.js:2465:8)\n' +
    '    at model.Query.exec (/home/himasnhu/Desktop/express-demo/node_modules/mongoose/lib/query.js:4321:28)\n' +
    '    at processTicksAndRejections (node:internal/process/task_queues:96:5)\n' +
    '    at /home/himasnhu/Desktop/express-demo/routes/genres.js:20:17\n' +
    '    at /home/himasnhu/Desktop/express-demo/middleware/async.js:4:13',
  timestamp: '2023-04-04 15:56:02'
}
{
  level: 'error',
  message: 'mongoose is not defined mongoose is not defined',
  stack: 'ReferenceError: mongoose is not defined\n' +
    '    at /home/himasnhu/Desktop/express-demo/routes/genres.js:17:5\n' +
    '    at handler (/home/himasnhu/Desktop/express-demo/middleware/async.js:4:19)\n' +
    '    at Layer.handle [as handle_request] (/home/himasnhu/Desktop/express-demo/node_modules/express/lib/router/layer.js:95:5)\n' +
    '    at next (/home/himasnhu/Desktop/express-demo/node_modules/express/lib/router/route.js:144:13)\n' +
    '    at Route.dispatch (/home/himasnhu/Desktop/express-demo/node_modules/express/lib/router/route.js:114:3)\n' +
    '    at Layer.handle [as handle_request] (/home/himasnhu/Desktop/express-demo/node_modules/express/lib/router/layer.js:95:5)\n' +
    '    at /home/himasnhu/Desktop/express-demo/node_modules/express/lib/router/index.js:284:15\n' +
    '    at param (/home/himasnhu/Desktop/express-demo/node_modules/express/lib/router/index.js:365:14)\n' +
    '    at param (/home/himasnhu/Desktop/express-demo/node_modules/express/lib/router/index.js:376:14)\n' +
    '    at Function.process_params (/home/himasnhu/Desktop/express-demo/node_modules/express/lib/router/index.js:421:3)\n' +
    '    at next (/home/himasnhu/Desktop/express-demo/node_modules/express/lib/router/index.js:280:10)\n' +
    '    at Function.handle (/home/himasnhu/Desktop/express-demo/node_modules/express/lib/router/index.js:175:3)\n' +
    '    at router (/home/himasnhu/Desktop/express-demo/node_modules/express/lib/router/index.js:47:12)\n' +
    '    at Layer.handle [as handle_request] (/home/himasnhu/Desktop/express-demo/node_modules/express/lib/router/layer.js:95:5)\n' +
    '    at trim_prefix (/home/himasnhu/Desktop/express-demo/node_modules/express/lib/router/index.js:328:13)\n' +
    '    at /home/himasnhu/Desktop/express-demo/node_modules/express/lib/router/index.js:286:9\n' +
    '    at Function.process_params (/home/himasnhu/Desktop/express-demo/node_modules/express/lib/router/index.js:346:12)\n' +
    '    at next (/home/himasnhu/Desktop/express-demo/node_modules/express/lib/router/index.js:280:10)\n' +
    '    at jsonParser (/home/himasnhu/Desktop/express-demo/node_modules/body-parser/lib/types/json.js:110:7)\n' +
    '    at Layer.handle [as handle_request] (/home/himasnhu/Desktop/express-demo/node_modules/express/lib/router/layer.js:95:5)\n' +
    '    at trim_prefix (/home/himasnhu/Desktop/express-demo/node_modules/express/lib/router/index.js:328:13)\n' +
    '    at /home/himasnhu/Desktop/express-demo/node_modules/express/lib/router/index.js:286:9\n' +
    '    at Function.process_params (/home/himasnhu/Desktop/express-demo/node_modules/express/lib/router/index.js:346:12)\n' +
    '    at next (/home/himasnhu/Desktop/express-demo/node_modules/express/lib/router/index.js:280:10)\n' +
    '    at expressInit (/home/himasnhu/Desktop/express-demo/node_modules/express/lib/middleware/init.js:40:5)\n' +
    '    at Layer.handle [as handle_request] (/home/himasnhu/Desktop/express-demo/node_modules/express/lib/router/layer.js:95:5)\n' +
    '    at trim_prefix (/home/himasnhu/Desktop/express-demo/node_modules/express/lib/router/index.js:328:13)\n' +
    '    at /home/himasnhu/Desktop/express-demo/node_modules/express/lib/router/index.js:286:9\n' +
    '    at Function.process_params (/home/himasnhu/Desktop/express-demo/node_modules/express/lib/router/index.js:346:12)\n' +
    '    at next (/home/himasnhu/Desktop/express-demo/node_modules/express/lib/router/index.js:280:10)\n' +
    '    at query (/home/himasnhu/Desktop/express-demo/node_modules/express/lib/middleware/query.js:45:5)\n' +
    '    at Layer.handle [as handle_request] (/home/himasnhu/Desktop/express-demo/node_modules/express/lib/router/layer.js:95:5)\n' +
    '    at trim_prefix (/home/himasnhu/Desktop/express-demo/node_modules/express/lib/router/index.js:328:13)\n' +
    '    at /home/himasnhu/Desktop/express-demo/node_modules/express/lib/router/index.js:286:9\n' +
    '    at Function.process_params (/home/himasnhu/Desktop/express-demo/node_modules/express/lib/router/index.js:346:12)\n' +
    '    at next (/home/himasnhu/Desktop/express-demo/node_modules/express/lib/router/index.js:280:10)\n' +
    '    at Function.handle (/home/himasnhu/Desktop/express-demo/node_modules/express/lib/router/index.js:175:3)\n' +
    '    at Function.handle (/home/himasnhu/Desktop/express-demo/node_modules/express/lib/application.js:181:10)\n' +
    '    at Server.app (/home/himasnhu/Desktop/express-demo/node_modules/express/lib/express.js:39:9)\n' +
    '    at Server.emit (node:events:513:28)\n' +
    '    at parserOnIncoming (node:_http_server:998:12)\n' +
    '    at HTTPParser.parserOnHeadersComplete (node:_http_common:128:17)',
  timestamp: '2023-04-04 15:57:49'
}
{
  level: 'error',
  message: 'mongoose is not defined mongoose is not defined',
  stack: 'ReferenceError: mongoose is not defined\n' +
    '    at /home/himasnhu/Desktop/express-demo/routes/genres.js:17:5\n' +
    '    at handler (/home/himasnhu/Desktop/express-demo/middleware/async.js:4:19)\n' +
    '    at Layer.handle [as handle_request] (/home/himasnhu/Desktop/express-demo/node_modules/express/lib/router/layer.js:95:5)\n' +
    '    at next (/home/himasnhu/Desktop/express-demo/node_modules/express/lib/router/route.js:144:13)\n' +
    '    at Route.dispatch (/home/himasnhu/Desktop/express-demo/node_modules/express/lib/router/route.js:114:3)\n' +
    '    at Layer.handle [as handle_request] (/home/himasnhu/Desktop/express-demo/node_modules/express/lib/router/layer.js:95:5)\n' +
    '    at /home/himasnhu/Desktop/express-demo/node_modules/express/lib/router/index.js:284:15\n' +
    '    at param (/home/himasnhu/Desktop/express-demo/node_modules/express/lib/router/index.js:365:14)\n' +
    '    at param (/home/himasnhu/Desktop/express-demo/node_modules/express/lib/router/index.js:376:14)\n' +
    '    at Function.process_params (/home/himasnhu/Desktop/express-demo/node_modules/express/lib/router/index.js:421:3)\n' +
    '    at next (/home/himasnhu/Desktop/express-demo/node_modules/express/lib/router/index.js:280:10)\n' +
    '    at Function.handle (/home/himasnhu/Desktop/express-demo/node_modules/express/lib/router/index.js:175:3)\n' +
    '    at router (/home/himasnhu/Desktop/express-demo/node_modules/express/lib/router/index.js:47:12)\n' +
    '    at Layer.handle [as handle_request] (/home/himasnhu/Desktop/express-demo/node_modules/express/lib/router/layer.js:95:5)\n' +
    '    at trim_prefix (/home/himasnhu/Desktop/express-demo/node_modules/express/lib/router/index.js:328:13)\n' +
    '    at /home/himasnhu/Desktop/express-demo/node_modules/express/lib/router/index.js:286:9\n' +
    '    at Function.process_params (/home/himasnhu/Desktop/express-demo/node_modules/express/lib/router/index.js:346:12)\n' +
    '    at next (/home/himasnhu/Desktop/express-demo/node_modules/express/lib/router/index.js:280:10)\n' +
    '    at jsonParser (/home/himasnhu/Desktop/express-demo/node_modules/body-parser/lib/types/json.js:110:7)\n' +
    '    at Layer.handle [as handle_request] (/home/himasnhu/Desktop/express-demo/node_modules/express/lib/router/layer.js:95:5)\n' +
    '    at trim_prefix (/home/himasnhu/Desktop/express-demo/node_modules/express/lib/router/index.js:328:13)\n' +
    '    at /home/himasnhu/Desktop/express-demo/node_modules/express/lib/router/index.js:286:9\n' +
    '    at Function.process_params (/home/himasnhu/Desktop/express-demo/node_modules/express/lib/router/index.js:346:12)\n' +
    '    at next (/home/himasnhu/Desktop/express-demo/node_modules/express/lib/router/index.js:280:10)\n' +
    '    at expressInit (/home/himasnhu/Desktop/express-demo/node_modules/express/lib/middleware/init.js:40:5)\n' +
    '    at Layer.handle [as handle_request] (/home/himasnhu/Desktop/express-demo/node_modules/express/lib/router/layer.js:95:5)\n' +
    '    at trim_prefix (/home/himasnhu/Desktop/express-demo/node_modules/express/lib/router/index.js:328:13)\n' +
    '    at /home/himasnhu/Desktop/express-demo/node_modules/express/lib/router/index.js:286:9\n' +
    '    at Function.process_params (/home/himasnhu/Desktop/express-demo/node_modules/express/lib/router/index.js:346:12)\n' +
    '    at next (/home/himasnhu/Desktop/express-demo/node_modules/express/lib/router/index.js:280:10)\n' +
    '    at query (/home/himasnhu/Desktop/express-demo/node_modules/express/lib/middleware/query.js:45:5)\n' +
    '    at Layer.handle [as handle_request] (/home/himasnhu/Desktop/express-demo/node_modules/express/lib/router/layer.js:95:5)\n' +
    '    at trim_prefix (/home/himasnhu/Desktop/express-demo/node_modules/express/lib/router/index.js:328:13)\n' +
    '    at /home/himasnhu/Desktop/express-demo/node_modules/express/lib/router/index.js:286:9\n' +
    '    at Function.process_params (/home/himasnhu/Desktop/express-demo/node_modules/express/lib/router/index.js:346:12)\n' +
    '    at next (/home/himasnhu/Desktop/express-demo/node_modules/express/lib/router/index.js:280:10)\n' +
    '    at Function.handle (/home/himasnhu/Desktop/express-demo/node_modules/express/lib/router/index.js:175:3)\n' +
    '    at Function.handle (/home/himasnhu/Desktop/express-demo/node_modules/express/lib/application.js:181:10)\n' +
    '    at Server.app (/home/himasnhu/Desktop/express-demo/node_modules/express/lib/express.js:39:9)\n' +
    '    at Server.emit (node:events:513:28)\n' +
    '    at parserOnIncoming (node:_http_server:998:12)\n' +
    '    at HTTPParser.parserOnHeadersComplete (node:_http_common:128:17)',
  timestamp: '2023-04-04 15:57:49'
}
{
  level: 'error',
  message: 'mongoose is not defined mongoose is not defined',
  stack: 'ReferenceError: mongoose is not defined\n' +
    '    at /home/himasnhu/Desktop/express-demo/routes/genres.js:17:5\n' +
    '    at handler (/home/himasnhu/Desktop/express-demo/middleware/async.js:4:19)\n' +
    '    at Layer.handle [as handle_request] (/home/himasnhu/Desktop/express-demo/node_modules/express/lib/router/layer.js:95:5)\n' +
    '    at next (/home/himasnhu/Desktop/express-demo/node_modules/express/lib/router/route.js:144:13)\n' +
    '    at Route.dispatch (/home/himasnhu/Desktop/express-demo/node_modules/express/lib/router/route.js:114:3)\n' +
    '    at Layer.handle [as handle_request] (/home/himasnhu/Desktop/express-demo/node_modules/express/lib/router/layer.js:95:5)\n' +
    '    at /home/himasnhu/Desktop/express-demo/node_modules/express/lib/router/index.js:284:15\n' +
    '    at param (/home/himasnhu/Desktop/express-demo/node_modules/express/lib/router/index.js:365:14)\n' +
    '    at param (/home/himasnhu/Desktop/express-demo/node_modules/express/lib/router/index.js:376:14)\n' +
    '    at Function.process_params (/home/himasnhu/Desktop/express-demo/node_modules/express/lib/router/index.js:421:3)\n' +
    '    at next (/home/himasnhu/Desktop/express-demo/node_modules/express/lib/router/index.js:280:10)\n' +
    '    at Function.handle (/home/himasnhu/Desktop/express-demo/node_modules/express/lib/router/index.js:175:3)\n' +
    '    at router (/home/himasnhu/Desktop/express-demo/node_modules/express/lib/router/index.js:47:12)\n' +
    '    at Layer.handle [as handle_request] (/home/himasnhu/Desktop/express-demo/node_modules/express/lib/router/layer.js:95:5)\n' +
    '    at trim_prefix (/home/himasnhu/Desktop/express-demo/node_modules/express/lib/router/index.js:328:13)\n' +
    '    at /home/himasnhu/Desktop/express-demo/node_modules/express/lib/router/index.js:286:9\n' +
    '    at Function.process_params (/home/himasnhu/Desktop/express-demo/node_modules/express/lib/router/index.js:346:12)\n' +
    '    at next (/home/himasnhu/Desktop/express-demo/node_modules/express/lib/router/index.js:280:10)\n' +
    '    at jsonParser (/home/himasnhu/Desktop/express-demo/node_modules/body-parser/lib/types/json.js:110:7)\n' +
    '    at Layer.handle [as handle_request] (/home/himasnhu/Desktop/express-demo/node_modules/express/lib/router/layer.js:95:5)\n' +
    '    at trim_prefix (/home/himasnhu/Desktop/express-demo/node_modules/express/lib/router/index.js:328:13)\n' +
    '    at /home/himasnhu/Desktop/express-demo/node_modules/express/lib/router/index.js:286:9\n' +
    '    at Function.process_params (/home/himasnhu/Desktop/express-demo/node_modules/express/lib/router/index.js:346:12)\n' +
    '    at next (/home/himasnhu/Desktop/express-demo/node_modules/express/lib/router/index.js:280:10)\n' +
    '    at expressInit (/home/himasnhu/Desktop/express-demo/node_modules/express/lib/middleware/init.js:40:5)\n' +
    '    at Layer.handle [as handle_request] (/home/himasnhu/Desktop/express-demo/node_modules/express/lib/router/layer.js:95:5)\n' +
    '    at trim_prefix (/home/himasnhu/Desktop/express-demo/node_modules/express/lib/router/index.js:328:13)\n' +
    '    at /home/himasnhu/Desktop/express-demo/node_modules/express/lib/router/index.js:286:9\n' +
    '    at Function.process_params (/home/himasnhu/Desktop/express-demo/node_modules/express/lib/router/index.js:346:12)\n' +
    '    at next (/home/himasnhu/Desktop/express-demo/node_modules/express/lib/router/index.js:280:10)\n' +
    '    at query (/home/himasnhu/Desktop/express-demo/node_modules/express/lib/middleware/query.js:45:5)\n' +
    '    at Layer.handle [as handle_request] (/home/himasnhu/Desktop/express-demo/node_modules/express/lib/router/layer.js:95:5)\n' +
    '    at trim_prefix (/home/himasnhu/Desktop/express-demo/node_modules/express/lib/router/index.js:328:13)\n' +
    '    at /home/himasnhu/Desktop/express-demo/node_modules/express/lib/router/index.js:286:9\n' +
    '    at Function.process_params (/home/himasnhu/Desktop/express-demo/node_modules/express/lib/router/index.js:346:12)\n' +
    '    at next (/home/himasnhu/Desktop/express-demo/node_modules/express/lib/router/index.js:280:10)\n' +
    '    at Function.handle (/home/himasnhu/Desktop/express-demo/node_modules/express/lib/router/index.js:175:3)\n' +
    '    at Function.handle (/home/himasnhu/Desktop/express-demo/node_modules/express/lib/application.js:181:10)\n' +
    '    at Server.app (/home/himasnhu/Desktop/express-demo/node_modules/express/lib/express.js:39:9)\n' +
    '    at Server.emit (node:events:513:28)\n' +
    '    at parserOnIncoming (node:_http_server:998:12)\n' +
    '    at HTTPParser.parserOnHeadersComplete (node:_http_common:128:17)',
  timestamp: '2023-04-04 15:57:55'
}
{
  level: 'error',
  message: 'mongoose is not defined mongoose is not defined',
  stack: 'ReferenceError: mongoose is not defined\n' +
    '    at /home/himasnhu/Desktop/express-demo/routes/genres.js:17:5\n' +
    '    at handler (/home/himasnhu/Desktop/express-demo/middleware/async.js:4:19)\n' +
    '    at Layer.handle [as handle_request] (/home/himasnhu/Desktop/express-demo/node_modules/express/lib/router/layer.js:95:5)\n' +
    '    at next (/home/himasnhu/Desktop/express-demo/node_modules/express/lib/router/route.js:144:13)\n' +
    '    at Route.dispatch (/home/himasnhu/Desktop/express-demo/node_modules/express/lib/router/route.js:114:3)\n' +
    '    at Layer.handle [as handle_request] (/home/himasnhu/Desktop/express-demo/node_modules/express/lib/router/layer.js:95:5)\n' +
    '    at /home/himasnhu/Desktop/express-demo/node_modules/express/lib/router/index.js:284:15\n' +
    '    at param (/home/himasnhu/Desktop/express-demo/node_modules/express/lib/router/index.js:365:14)\n' +
    '    at param (/home/himasnhu/Desktop/express-demo/node_modules/express/lib/router/index.js:376:14)\n' +
    '    at Function.process_params (/home/himasnhu/Desktop/express-demo/node_modules/express/lib/router/index.js:421:3)\n' +
    '    at next (/home/himasnhu/Desktop/express-demo/node_modules/express/lib/router/index.js:280:10)\n' +
    '    at Function.handle (/home/himasnhu/Desktop/express-demo/node_modules/express/lib/router/index.js:175:3)\n' +
    '    at router (/home/himasnhu/Desktop/express-demo/node_modules/express/lib/router/index.js:47:12)\n' +
    '    at Layer.handle [as handle_request] (/home/himasnhu/Desktop/express-demo/node_modules/express/lib/router/layer.js:95:5)\n' +
    '    at trim_prefix (/home/himasnhu/Desktop/express-demo/node_modules/express/lib/router/index.js:328:13)\n' +
    '    at /home/himasnhu/Desktop/express-demo/node_modules/express/lib/router/index.js:286:9\n' +
    '    at Function.process_params (/home/himasnhu/Desktop/express-demo/node_modules/express/lib/router/index.js:346:12)\n' +
    '    at next (/home/himasnhu/Desktop/express-demo/node_modules/express/lib/router/index.js:280:10)\n' +
    '    at jsonParser (/home/himasnhu/Desktop/express-demo/node_modules/body-parser/lib/types/json.js:110:7)\n' +
    '    at Layer.handle [as handle_request] (/home/himasnhu/Desktop/express-demo/node_modules/express/lib/router/layer.js:95:5)\n' +
    '    at trim_prefix (/home/himasnhu/Desktop/express-demo/node_modules/express/lib/router/index.js:328:13)\n' +
    '    at /home/himasnhu/Desktop/express-demo/node_modules/express/lib/router/index.js:286:9\n' +
    '    at Function.process_params (/home/himasnhu/Desktop/express-demo/node_modules/express/lib/router/index.js:346:12)\n' +
    '    at next (/home/himasnhu/Desktop/express-demo/node_modules/express/lib/router/index.js:280:10)\n' +
    '    at expressInit (/home/himasnhu/Desktop/express-demo/node_modules/express/lib/middleware/init.js:40:5)\n' +
    '    at Layer.handle [as handle_request] (/home/himasnhu/Desktop/express-demo/node_modules/express/lib/router/layer.js:95:5)\n' +
    '    at trim_prefix (/home/himasnhu/Desktop/express-demo/node_modules/express/lib/router/index.js:328:13)\n' +
    '    at /home/himasnhu/Desktop/express-demo/node_modules/express/lib/router/index.js:286:9\n' +
    '    at Function.process_params (/home/himasnhu/Desktop/express-demo/node_modules/express/lib/router/index.js:346:12)\n' +
    '    at next (/home/himasnhu/Desktop/express-demo/node_modules/express/lib/router/index.js:280:10)\n' +
    '    at query (/home/himasnhu/Desktop/express-demo/node_modules/express/lib/middleware/query.js:45:5)\n' +
    '    at Layer.handle [as handle_request] (/home/himasnhu/Desktop/express-demo/node_modules/express/lib/router/layer.js:95:5)\n' +
    '    at trim_prefix (/home/himasnhu/Desktop/express-demo/node_modules/express/lib/router/index.js:328:13)\n' +
    '    at /home/himasnhu/Desktop/express-demo/node_modules/express/lib/router/index.js:286:9\n' +
    '    at Function.process_params (/home/himasnhu/Desktop/express-demo/node_modules/express/lib/router/index.js:346:12)\n' +
    '    at next (/home/himasnhu/Desktop/express-demo/node_modules/express/lib/router/index.js:280:10)\n' +
    '    at Function.handle (/home/himasnhu/Desktop/express-demo/node_modules/express/lib/router/index.js:175:3)\n' +
    '    at Function.handle (/home/himasnhu/Desktop/express-demo/node_modules/express/lib/application.js:181:10)\n' +
    '    at Server.app (/home/himasnhu/Desktop/express-demo/node_modules/express/lib/express.js:39:9)\n' +
    '    at Server.emit (node:events:513:28)\n' +
    '    at parserOnIncoming (node:_http_server:998:12)\n' +
    '    at HTTPParser.parserOnHeadersComplete (node:_http_common:128:17)',
  timestamp: '2023-04-04 15:57:55'
}
{
  level: 'error',
  message: 'mongoose is not defined mongoose is not defined',
  stack: 'ReferenceError: mongoose is not defined\n' +
    '    at /home/himasnhu/Desktop/express-demo/routes/genres.js:17:5\n' +
    '    at handler (/home/himasnhu/Desktop/express-demo/middleware/async.js:4:19)\n' +
    '    at Layer.handle [as handle_request] (/home/himasnhu/Desktop/express-demo/node_modules/express/lib/router/layer.js:95:5)\n' +
    '    at next (/home/himasnhu/Desktop/express-demo/node_modules/express/lib/router/route.js:144:13)\n' +
    '    at Route.dispatch (/home/himasnhu/Desktop/express-demo/node_modules/express/lib/router/route.js:114:3)\n' +
    '    at Layer.handle [as handle_request] (/home/himasnhu/Desktop/express-demo/node_modules/express/lib/router/layer.js:95:5)\n' +
    '    at /home/himasnhu/Desktop/express-demo/node_modules/express/lib/router/index.js:284:15\n' +
    '    at param (/home/himasnhu/Desktop/express-demo/node_modules/express/lib/router/index.js:365:14)\n' +
    '    at param (/home/himasnhu/Desktop/express-demo/node_modules/express/lib/router/index.js:376:14)\n' +
    '    at Function.process_params (/home/himasnhu/Desktop/express-demo/node_modules/express/lib/router/index.js:421:3)\n' +
    '    at next (/home/himasnhu/Desktop/express-demo/node_modules/express/lib/router/index.js:280:10)\n' +
    '    at Function.handle (/home/himasnhu/Desktop/express-demo/node_modules/express/lib/router/index.js:175:3)\n' +
    '    at router (/home/himasnhu/Desktop/express-demo/node_modules/express/lib/router/index.js:47:12)\n' +
    '    at Layer.handle [as handle_request] (/home/himasnhu/Desktop/express-demo/node_modules/express/lib/router/layer.js:95:5)\n' +
    '    at trim_prefix (/home/himasnhu/Desktop/express-demo/node_modules/express/lib/router/index.js:328:13)\n' +
    '    at /home/himasnhu/Desktop/express-demo/node_modules/express/lib/router/index.js:286:9\n' +
    '    at Function.process_params (/home/himasnhu/Desktop/express-demo/node_modules/express/lib/router/index.js:346:12)\n' +
    '    at next (/home/himasnhu/Desktop/express-demo/node_modules/express/lib/router/index.js:280:10)\n' +
    '    at jsonParser (/home/himasnhu/Desktop/express-demo/node_modules/body-parser/lib/types/json.js:110:7)\n' +
    '    at Layer.handle [as handle_request] (/home/himasnhu/Desktop/express-demo/node_modules/express/lib/router/layer.js:95:5)\n' +
    '    at trim_prefix (/home/himasnhu/Desktop/express-demo/node_modules/express/lib/router/index.js:328:13)\n' +
    '    at /home/himasnhu/Desktop/express-demo/node_modules/express/lib/router/index.js:286:9\n' +
    '    at Function.process_params (/home/himasnhu/Desktop/express-demo/node_modules/express/lib/router/index.js:346:12)\n' +
    '    at next (/home/himasnhu/Desktop/express-demo/node_modules/express/lib/router/index.js:280:10)\n' +
    '    at expressInit (/home/himasnhu/Desktop/express-demo/node_modules/express/lib/middleware/init.js:40:5)\n' +
    '    at Layer.handle [as handle_request] (/home/himasnhu/Desktop/express-demo/node_modules/express/lib/router/layer.js:95:5)\n' +
    '    at trim_prefix (/home/himasnhu/Desktop/express-demo/node_modules/express/lib/router/index.js:328:13)\n' +
    '    at /home/himasnhu/Desktop/express-demo/node_modules/express/lib/router/index.js:286:9\n' +
    '    at Function.process_params (/home/himasnhu/Desktop/express-demo/node_modules/express/lib/router/index.js:346:12)\n' +
    '    at next (/home/himasnhu/Desktop/express-demo/node_modules/express/lib/router/index.js:280:10)\n' +
    '    at query (/home/himasnhu/Desktop/express-demo/node_modules/express/lib/middleware/query.js:45:5)\n' +
    '    at Layer.handle [as handle_request] (/home/himasnhu/Desktop/express-demo/node_modules/express/lib/router/layer.js:95:5)\n' +
    '    at trim_prefix (/home/himasnhu/Desktop/express-demo/node_modules/express/lib/router/index.js:328:13)\n' +
    '    at /home/himasnhu/Desktop/express-demo/node_modules/express/lib/router/index.js:286:9\n' +
    '    at Function.process_params (/home/himasnhu/Desktop/express-demo/node_modules/express/lib/router/index.js:346:12)\n' +
    '    at next (/home/himasnhu/Desktop/express-demo/node_modules/express/lib/router/index.js:280:10)\n' +
    '    at Function.handle (/home/himasnhu/Desktop/express-demo/node_modules/express/lib/router/index.js:175:3)\n' +
    '    at Function.handle (/home/himasnhu/Desktop/express-demo/node_modules/express/lib/application.js:181:10)\n' +
    '    at Server.app (/home/himasnhu/Desktop/express-demo/node_modules/express/lib/express.js:39:9)\n' +
    '    at Server.emit (node:events:513:28)\n' +
    '    at parserOnIncoming (node:_http_server:998:12)\n' +
    '    at HTTPParser.parserOnHeadersComplete (node:_http_common:128:17)',
  timestamp: '2023-04-04 15:58:05'
}
{
  level: 'error',
  message: 'mongoose is not defined mongoose is not defined',
  stack: 'ReferenceError: mongoose is not defined\n' +
    '    at /home/himasnhu/Desktop/express-demo/routes/genres.js:17:5\n' +
    '    at handler (/home/himasnhu/Desktop/express-demo/middleware/async.js:4:19)\n' +
    '    at Layer.handle [as handle_request] (/home/himasnhu/Desktop/express-demo/node_modules/express/lib/router/layer.js:95:5)\n' +
    '    at next (/home/himasnhu/Desktop/express-demo/node_modules/express/lib/router/route.js:144:13)\n' +
    '    at Route.dispatch (/home/himasnhu/Desktop/express-demo/node_modules/express/lib/router/route.js:114:3)\n' +
    '    at Layer.handle [as handle_request] (/home/himasnhu/Desktop/express-demo/node_modules/express/lib/router/layer.js:95:5)\n' +
    '    at /home/himasnhu/Desktop/express-demo/node_modules/express/lib/router/index.js:284:15\n' +
    '    at param (/home/himasnhu/Desktop/express-demo/node_modules/express/lib/router/index.js:365:14)\n' +
    '    at param (/home/himasnhu/Desktop/express-demo/node_modules/express/lib/router/index.js:376:14)\n' +
    '    at Function.process_params (/home/himasnhu/Desktop/express-demo/node_modules/express/lib/router/index.js:421:3)\n' +
    '    at next (/home/himasnhu/Desktop/express-demo/node_modules/express/lib/router/index.js:280:10)\n' +
    '    at Function.handle (/home/himasnhu/Desktop/express-demo/node_modules/express/lib/router/index.js:175:3)\n' +
    '    at router (/home/himasnhu/Desktop/express-demo/node_modules/express/lib/router/index.js:47:12)\n' +
    '    at Layer.handle [as handle_request] (/home/himasnhu/Desktop/express-demo/node_modules/express/lib/router/layer.js:95:5)\n' +
    '    at trim_prefix (/home/himasnhu/Desktop/express-demo/node_modules/express/lib/router/index.js:328:13)\n' +
    '    at /home/himasnhu/Desktop/express-demo/node_modules/express/lib/router/index.js:286:9\n' +
    '    at Function.process_params (/home/himasnhu/Desktop/express-demo/node_modules/express/lib/router/index.js:346:12)\n' +
    '    at next (/home/himasnhu/Desktop/express-demo/node_modules/express/lib/router/index.js:280:10)\n' +
    '    at jsonParser (/home/himasnhu/Desktop/express-demo/node_modules/body-parser/lib/types/json.js:110:7)\n' +
    '    at Layer.handle [as handle_request] (/home/himasnhu/Desktop/express-demo/node_modules/express/lib/router/layer.js:95:5)\n' +
    '    at trim_prefix (/home/himasnhu/Desktop/express-demo/node_modules/express/lib/router/index.js:328:13)\n' +
    '    at /home/himasnhu/Desktop/express-demo/node_modules/express/lib/router/index.js:286:9\n' +
    '    at Function.process_params (/home/himasnhu/Desktop/express-demo/node_modules/express/lib/router/index.js:346:12)\n' +
    '    at next (/home/himasnhu/Desktop/express-demo/node_modules/express/lib/router/index.js:280:10)\n' +
    '    at expressInit (/home/himasnhu/Desktop/express-demo/node_modules/express/lib/middleware/init.js:40:5)\n' +
    '    at Layer.handle [as handle_request] (/home/himasnhu/Desktop/express-demo/node_modules/express/lib/router/layer.js:95:5)\n' +
    '    at trim_prefix (/home/himasnhu/Desktop/express-demo/node_modules/express/lib/router/index.js:328:13)\n' +
    '    at /home/himasnhu/Desktop/express-demo/node_modules/express/lib/router/index.js:286:9\n' +
    '    at Function.process_params (/home/himasnhu/Desktop/express-demo/node_modules/express/lib/router/index.js:346:12)\n' +
    '    at next (/home/himasnhu/Desktop/express-demo/node_modules/express/lib/router/index.js:280:10)\n' +
    '    at query (/home/himasnhu/Desktop/express-demo/node_modules/express/lib/middleware/query.js:45:5)\n' +
    '    at Layer.handle [as handle_request] (/home/himasnhu/Desktop/express-demo/node_modules/express/lib/router/layer.js:95:5)\n' +
    '    at trim_prefix (/home/himasnhu/Desktop/express-demo/node_modules/express/lib/router/index.js:328:13)\n' +
    '    at /home/himasnhu/Desktop/express-demo/node_modules/express/lib/router/index.js:286:9\n' +
    '    at Function.process_params (/home/himasnhu/Desktop/express-demo/node_modules/express/lib/router/index.js:346:12)\n' +
    '    at next (/home/himasnhu/Desktop/express-demo/node_modules/express/lib/router/index.js:280:10)\n' +
    '    at Function.handle (/home/himasnhu/Desktop/express-demo/node_modules/express/lib/router/index.js:175:3)\n' +
    '    at Function.handle (/home/himasnhu/Desktop/express-demo/node_modules/express/lib/application.js:181:10)\n' +
    '    at Server.app (/home/himasnhu/Desktop/express-demo/node_modules/express/lib/express.js:39:9)\n' +
    '    at Server.emit (node:events:513:28)\n' +
    '    at parserOnIncoming (node:_http_server:998:12)\n' +
    '    at HTTPParser.parserOnHeadersComplete (node:_http_common:128:17)',
  timestamp: '2023-04-04 15:58:05'
}
{
  stringValue: '"1"',
  messageFormat: undefined,
  kind: 'ObjectId',
  value: '1',
  path: '_id',
  reason: BSONError: Argument passed in must be a string of 12 bytes or a string of 24 hex characters or an integer
      at new ObjectId (/home/himasnhu/Desktop/express-demo/node_modules/bson/src/objectid.ts:88:15)
      at castObjectId (/home/himasnhu/Desktop/express-demo/node_modules/mongoose/lib/cast/objectid.js:25:12)
      at ObjectId.Object.<anonymous>.ObjectId.cast (/home/himasnhu/Desktop/express-demo/node_modules/mongoose/lib/schema/objectid.js:246:12)
      at ObjectId.Object.<anonymous>.SchemaType.applySetters (/home/himasnhu/Desktop/express-demo/node_modules/mongoose/lib/schematype.js:1202:12)
      at ObjectId.Object.<anonymous>.SchemaType.castForQuery (/home/himasnhu/Desktop/express-demo/node_modules/mongoose/lib/schematype.js:1613:15)
      at cast (/home/himasnhu/Desktop/express-demo/node_modules/mongoose/lib/cast.js:348:32)
      at model.Query.Object.<anonymous>.Query.cast (/home/himasnhu/Desktop/express-demo/node_modules/mongoose/lib/query.js:4791:12)
      at model.Query.Object.<anonymous>.Query._castConditions (/home/himasnhu/Desktop/express-demo/node_modules/mongoose/lib/query.js:2177:10)
      at model.Query._findOne (/home/himasnhu/Desktop/express-demo/node_modules/mongoose/lib/query.js:2465:8)
      at model.Query.exec (/home/himasnhu/Desktop/express-demo/node_modules/mongoose/lib/query.js:4321:28)
      at processTicksAndRejections (node:internal/process/task_queues:96:5)
      at /home/himasnhu/Desktop/express-demo/routes/genres.js:17:17
      at /home/himasnhu/Desktop/express-demo/middleware/async.js:4:13,
  valueType: 'string',
  model: Model { Genre },
  level: 'error',
  message: 'Cast to ObjectId failed for value "1" (type string) at path "_id" for model "Genre" Cast to ObjectId failed for value "1" (type string) at path "_id" for model "Genre"',
  stack: 'CastError: Cast to ObjectId failed for value "1" (type string) at path "_id" for model "Genre"\n' +
    '    at ObjectId.Object.<anonymous>.ObjectId.cast (/home/himasnhu/Desktop/express-demo/node_modules/mongoose/lib/schema/objectid.js:248:11)\n' +
    '    at ObjectId.Object.<anonymous>.SchemaType.applySetters (/home/himasnhu/Desktop/express-demo/node_modules/mongoose/lib/schematype.js:1202:12)\n' +
    '    at ObjectId.Object.<anonymous>.SchemaType.castForQuery (/home/himasnhu/Desktop/express-demo/node_modules/mongoose/lib/schematype.js:1613:15)\n' +
    '    at cast (/home/himasnhu/Desktop/express-demo/node_modules/mongoose/lib/cast.js:348:32)\n' +
    '    at model.Query.Object.<anonymous>.Query.cast (/home/himasnhu/Desktop/express-demo/node_modules/mongoose/lib/query.js:4791:12)\n' +
    '    at model.Query.Object.<anonymous>.Query._castConditions (/home/himasnhu/Desktop/express-demo/node_modules/mongoose/lib/query.js:2177:10)\n' +
    '    at model.Query._findOne (/home/himasnhu/Desktop/express-demo/node_modules/mongoose/lib/query.js:2465:8)\n' +
    '    at model.Query.exec (/home/himasnhu/Desktop/express-demo/node_modules/mongoose/lib/query.js:4321:28)\n' +
    '    at processTicksAndRejections (node:internal/process/task_queues:96:5)\n' +
    '    at /home/himasnhu/Desktop/express-demo/routes/genres.js:17:17\n' +
    '    at /home/himasnhu/Desktop/express-demo/middleware/async.js:4:13',
  timestamp: '2023-04-04 17:20:48'
}
{
  stringValue: '"1"',
  messageFormat: undefined,
  kind: 'ObjectId',
  value: '1',
  path: '_id',
  reason: BSONError: Argument passed in must be a string of 12 bytes or a string of 24 hex characters or an integer
      at new ObjectId (/home/himasnhu/Desktop/express-demo/node_modules/bson/src/objectid.ts:88:15)
      at castObjectId (/home/himasnhu/Desktop/express-demo/node_modules/mongoose/lib/cast/objectid.js:25:12)
      at ObjectId.Object.<anonymous>.ObjectId.cast (/home/himasnhu/Desktop/express-demo/node_modules/mongoose/lib/schema/objectid.js:246:12)
      at ObjectId.Object.<anonymous>.SchemaType.applySetters (/home/himasnhu/Desktop/express-demo/node_modules/mongoose/lib/schematype.js:1202:12)
      at ObjectId.Object.<anonymous>.SchemaType.castForQuery (/home/himasnhu/Desktop/express-demo/node_modules/mongoose/lib/schematype.js:1613:15)
      at cast (/home/himasnhu/Desktop/express-demo/node_modules/mongoose/lib/cast.js:348:32)
      at model.Query.Object.<anonymous>.Query.cast (/home/himasnhu/Desktop/express-demo/node_modules/mongoose/lib/query.js:4791:12)
      at model.Query.Object.<anonymous>.Query._castConditions (/home/himasnhu/Desktop/express-demo/node_modules/mongoose/lib/query.js:2177:10)
      at model.Query._findOne (/home/himasnhu/Desktop/express-demo/node_modules/mongoose/lib/query.js:2465:8)
      at model.Query.exec (/home/himasnhu/Desktop/express-demo/node_modules/mongoose/lib/query.js:4321:28)
      at processTicksAndRejections (node:internal/process/task_queues:96:5)
      at /home/himasnhu/Desktop/express-demo/routes/genres.js:17:17
      at /home/himasnhu/Desktop/express-demo/middleware/async.js:4:13,
  valueType: 'string',
  model: Model { Genre },
  level: 'error',
  message: 'Cast to ObjectId failed for value "1" (type string) at path "_id" for model "Genre" Cast to ObjectId failed for value "1" (type string) at path "_id" for model "Genre"',
  stack: 'CastError: Cast to ObjectId failed for value "1" (type string) at path "_id" for model "Genre"\n' +
    '    at ObjectId.Object.<anonymous>.ObjectId.cast (/home/himasnhu/Desktop/express-demo/node_modules/mongoose/lib/schema/objectid.js:248:11)\n' +
    '    at ObjectId.Object.<anonymous>.SchemaType.applySetters (/home/himasnhu/Desktop/express-demo/node_modules/mongoose/lib/schematype.js:1202:12)\n' +
    '    at ObjectId.Object.<anonymous>.SchemaType.castForQuery (/home/himasnhu/Desktop/express-demo/node_modules/mongoose/lib/schematype.js:1613:15)\n' +
    '    at cast (/home/himasnhu/Desktop/express-demo/node_modules/mongoose/lib/cast.js:348:32)\n' +
    '    at model.Query.Object.<anonymous>.Query.cast (/home/himasnhu/Desktop/express-demo/node_modules/mongoose/lib/query.js:4791:12)\n' +
    '    at model.Query.Object.<anonymous>.Query._castConditions (/home/himasnhu/Desktop/express-demo/node_modules/mongoose/lib/query.js:2177:10)\n' +
    '    at model.Query._findOne (/home/himasnhu/Desktop/express-demo/node_modules/mongoose/lib/query.js:2465:8)\n' +
    '    at model.Query.exec (/home/himasnhu/Desktop/express-demo/node_modules/mongoose/lib/query.js:4321:28)\n' +
    '    at processTicksAndRejections (node:internal/process/task_queues:96:5)\n' +
    '    at /home/himasnhu/Desktop/express-demo/routes/genres.js:17:17\n' +
    '    at /home/himasnhu/Desktop/express-demo/middleware/async.js:4:13',
  timestamp: '2023-04-04 17:21:19'
}
{
  stringValue: '"1"',
  messageFormat: undefined,
  kind: 'ObjectId',
  value: '1',
  path: '_id',
  reason: BSONError: Argument passed in must be a string of 12 bytes or a string of 24 hex characters or an integer
      at new ObjectId (/home/himasnhu/Desktop/express-demo/node_modules/bson/src/objectid.ts:88:15)
      at castObjectId (/home/himasnhu/Desktop/express-demo/node_modules/mongoose/lib/cast/objectid.js:25:12)
      at ObjectId.Object.<anonymous>.ObjectId.cast (/home/himasnhu/Desktop/express-demo/node_modules/mongoose/lib/schema/objectid.js:246:12)
      at ObjectId.Object.<anonymous>.SchemaType.applySetters (/home/himasnhu/Desktop/express-demo/node_modules/mongoose/lib/schematype.js:1202:12)
      at ObjectId.Object.<anonymous>.SchemaType.castForQuery (/home/himasnhu/Desktop/express-demo/node_modules/mongoose/lib/schematype.js:1613:15)
      at cast (/home/himasnhu/Desktop/express-demo/node_modules/mongoose/lib/cast.js:348:32)
      at model.Query.Object.<anonymous>.Query.cast (/home/himasnhu/Desktop/express-demo/node_modules/mongoose/lib/query.js:4791:12)
      at model.Query.Object.<anonymous>.Query._castConditions (/home/himasnhu/Desktop/express-demo/node_modules/mongoose/lib/query.js:2177:10)
      at model.Query._findOne (/home/himasnhu/Desktop/express-demo/node_modules/mongoose/lib/query.js:2465:8)
      at model.Query.exec (/home/himasnhu/Desktop/express-demo/node_modules/mongoose/lib/query.js:4321:28)
      at processTicksAndRejections (node:internal/process/task_queues:96:5)
      at /home/himasnhu/Desktop/express-demo/routes/genres.js:17:17
      at /home/himasnhu/Desktop/express-demo/middleware/async.js:4:13,
  valueType: 'string',
  model: Model { Genre },
  level: 'error',
  message: 'Cast to ObjectId failed for value "1" (type string) at path "_id" for model "Genre" Cast to ObjectId failed for value "1" (type string) at path "_id" for model "Genre"',
  stack: 'CastError: Cast to ObjectId failed for value "1" (type string) at path "_id" for model "Genre"\n' +
    '    at ObjectId.Object.<anonymous>.ObjectId.cast (/home/himasnhu/Desktop/express-demo/node_modules/mongoose/lib/schema/objectid.js:248:11)\n' +
    '    at ObjectId.Object.<anonymous>.SchemaType.applySetters (/home/himasnhu/Desktop/express-demo/node_modules/mongoose/lib/schematype.js:1202:12)\n' +
    '    at ObjectId.Object.<anonymous>.SchemaType.castForQuery (/home/himasnhu/Desktop/express-demo/node_modules/mongoose/lib/schematype.js:1613:15)\n' +
    '    at cast (/home/himasnhu/Desktop/express-demo/node_modules/mongoose/lib/cast.js:348:32)\n' +
    '    at model.Query.Object.<anonymous>.Query.cast (/home/himasnhu/Desktop/express-demo/node_modules/mongoose/lib/query.js:4791:12)\n' +
    '    at model.Query.Object.<anonymous>.Query._castConditions (/home/himasnhu/Desktop/express-demo/node_modules/mongoose/lib/query.js:2177:10)\n' +
    '    at model.Query._findOne (/home/himasnhu/Desktop/express-demo/node_modules/mongoose/lib/query.js:2465:8)\n' +
    '    at model.Query.exec (/home/himasnhu/Desktop/express-demo/node_modules/mongoose/lib/query.js:4321:28)\n' +
    '    at processTicksAndRejections (node:internal/process/task_queues:96:5)\n' +
    '    at /home/himasnhu/Desktop/express-demo/routes/genres.js:17:17\n' +
    '    at /home/himasnhu/Desktop/express-demo/middleware/async.js:4:13',
  timestamp: '2023-04-04 17:22:13'
}
{
  level: 'error',
  message: 'Operation `genres.insertOne()` buffering timed out after 10000ms Operation `genres.insertOne()` buffering timed out after 10000ms',
  stack: 'MongooseError: Operation `genres.insertOne()` buffering timed out after 10000ms\n' +
    '    at Timeout.<anonymous> (/home/himasnhu/Desktop/express-demo/node_modules/mongoose/lib/drivers/node-mongodb-native/collection.js:185:23)\n' +
    '    at listOnTimeout (node:internal/timers:559:17)\n' +
    '    at processTimers (node:internal/timers:502:7)',
  timestamp: '2023-04-05 15:13:31'
}
{
  stringValue: '"undefined"',
  messageFormat: undefined,
  kind: 'ObjectId',
  value: 'undefined',
  path: '_id',
  reason: BSONError: Argument passed in must be a string of 12 bytes or a string of 24 hex characters or an integer
      at new ObjectId (/home/himasnhu/Desktop/express-demo/node_modules/bson/src/objectid.ts:88:15)
      at castObjectId (/home/himasnhu/Desktop/express-demo/node_modules/mongoose/lib/cast/objectid.js:25:12)
      at ObjectId.Object.<anonymous>.ObjectId.cast (/home/himasnhu/Desktop/express-demo/node_modules/mongoose/lib/schema/objectid.js:246:12)
      at ObjectId.Object.<anonymous>.SchemaType.applySetters (/home/himasnhu/Desktop/express-demo/node_modules/mongoose/lib/schematype.js:1202:12)
      at ObjectId.Object.<anonymous>.SchemaType.castForQuery (/home/himasnhu/Desktop/express-demo/node_modules/mongoose/lib/schematype.js:1613:15)
      at cast (/home/himasnhu/Desktop/express-demo/node_modules/mongoose/lib/cast.js:348:32)
      at model.Query.Object.<anonymous>.Query.cast (/home/himasnhu/Desktop/express-demo/node_modules/mongoose/lib/query.js:4791:12)
      at model.Query.Object.<anonymous>.Query._castConditions (/home/himasnhu/Desktop/express-demo/node_modules/mongoose/lib/query.js:2177:10)
      at model.Query._findOneAndUpdate (/home/himasnhu/Desktop/express-demo/node_modules/mongoose/lib/query.js:3209:8)
      at model.Query.exec (/home/himasnhu/Desktop/express-demo/node_modules/mongoose/lib/query.js:4321:28)
      at processTicksAndRejections (node:internal/process/task_queues:96:5)
      at /home/himasnhu/Desktop/express-demo/routes/genres.js:37:19
      at /home/himasnhu/Desktop/express-demo/middleware/async.js:4:13,
  valueType: 'string',
  model: Model { Genre },
  level: 'error',
  message: 'Cast to ObjectId failed for value "undefined" (type string) at path "_id" for model "Genre" Cast to ObjectId failed for value "undefined" (type string) at path "_id" for model "Genre"',
  stack: 'CastError: Cast to ObjectId failed for value "undefined" (type string) at path "_id" for model "Genre"\n' +
    '    at ObjectId.Object.<anonymous>.ObjectId.cast (/home/himasnhu/Desktop/express-demo/node_modules/mongoose/lib/schema/objectid.js:248:11)\n' +
    '    at ObjectId.Object.<anonymous>.SchemaType.applySetters (/home/himasnhu/Desktop/express-demo/node_modules/mongoose/lib/schematype.js:1202:12)\n' +
    '    at ObjectId.Object.<anonymous>.SchemaType.castForQuery (/home/himasnhu/Desktop/express-demo/node_modules/mongoose/lib/schematype.js:1613:15)\n' +
    '    at cast (/home/himasnhu/Desktop/express-demo/node_modules/mongoose/lib/cast.js:348:32)\n' +
    '    at model.Query.Object.<anonymous>.Query.cast (/home/himasnhu/Desktop/express-demo/node_modules/mongoose/lib/query.js:4791:12)\n' +
    '    at model.Query.Object.<anonymous>.Query._castConditions (/home/himasnhu/Desktop/express-demo/node_modules/mongoose/lib/query.js:2177:10)\n' +
    '    at model.Query._findOneAndUpdate (/home/himasnhu/Desktop/express-demo/node_modules/mongoose/lib/query.js:3209:8)\n' +
    '    at model.Query.exec (/home/himasnhu/Desktop/express-demo/node_modules/mongoose/lib/query.js:4321:28)\n' +
    '    at processTicksAndRejections (node:internal/process/task_queues:96:5)\n' +
    '    at /home/himasnhu/Desktop/express-demo/routes/genres.js:37:19\n' +
    '    at /home/himasnhu/Desktop/express-demo/middleware/async.js:4:13',
  timestamp: '2023-04-05 18:40:21'
}
{
  stringValue: '"undefined"',
  messageFormat: undefined,
  kind: 'ObjectId',
  value: 'undefined',
  path: '_id',
  reason: BSONError: Argument passed in must be a string of 12 bytes or a string of 24 hex characters or an integer
      at new ObjectId (/home/himasnhu/Desktop/express-demo/node_modules/bson/src/objectid.ts:88:15)
      at castObjectId (/home/himasnhu/Desktop/express-demo/node_modules/mongoose/lib/cast/objectid.js:25:12)
      at ObjectId.Object.<anonymous>.ObjectId.cast (/home/himasnhu/Desktop/express-demo/node_modules/mongoose/lib/schema/objectid.js:246:12)
      at ObjectId.Object.<anonymous>.SchemaType.applySetters (/home/himasnhu/Desktop/express-demo/node_modules/mongoose/lib/schematype.js:1202:12)
      at ObjectId.Object.<anonymous>.SchemaType.castForQuery (/home/himasnhu/Desktop/express-demo/node_modules/mongoose/lib/schematype.js:1613:15)
      at cast (/home/himasnhu/Desktop/express-demo/node_modules/mongoose/lib/cast.js:348:32)
      at model.Query.Object.<anonymous>.Query.cast (/home/himasnhu/Desktop/express-demo/node_modules/mongoose/lib/query.js:4791:12)
      at model.Query.Object.<anonymous>.Query._castConditions (/home/himasnhu/Desktop/express-demo/node_modules/mongoose/lib/query.js:2177:10)
      at model.Query._findOneAndUpdate (/home/himasnhu/Desktop/express-demo/node_modules/mongoose/lib/query.js:3209:8)
      at model.Query.exec (/home/himasnhu/Desktop/express-demo/node_modules/mongoose/lib/query.js:4321:28)
      at processTicksAndRejections (node:internal/process/task_queues:96:5)
      at /home/himasnhu/Desktop/express-demo/routes/genres.js:37:19
      at /home/himasnhu/Desktop/express-demo/middleware/async.js:4:13,
  valueType: 'string',
  model: Model { Genre },
  level: 'error',
  message: 'Cast to ObjectId failed for value "undefined" (type string) at path "_id" for model "Genre" Cast to ObjectId failed for value "undefined" (type string) at path "_id" for model "Genre"',
  stack: 'CastError: Cast to ObjectId failed for value "undefined" (type string) at path "_id" for model "Genre"\n' +
    '    at ObjectId.Object.<anonymous>.ObjectId.cast (/home/himasnhu/Desktop/express-demo/node_modules/mongoose/lib/schema/objectid.js:248:11)\n' +
    '    at ObjectId.Object.<anonymous>.SchemaType.applySetters (/home/himasnhu/Desktop/express-demo/node_modules/mongoose/lib/schematype.js:1202:12)\n' +
    '    at ObjectId.Object.<anonymous>.SchemaType.castForQuery (/home/himasnhu/Desktop/express-demo/node_modules/mongoose/lib/schematype.js:1613:15)\n' +
    '    at cast (/home/himasnhu/Desktop/express-demo/node_modules/mongoose/lib/cast.js:348:32)\n' +
    '    at model.Query.Object.<anonymous>.Query.cast (/home/himasnhu/Desktop/express-demo/node_modules/mongoose/lib/query.js:4791:12)\n' +
    '    at model.Query.Object.<anonymous>.Query._castConditions (/home/himasnhu/Desktop/express-demo/node_modules/mongoose/lib/query.js:2177:10)\n' +
    '    at model.Query._findOneAndUpdate (/home/himasnhu/Desktop/express-demo/node_modules/mongoose/lib/query.js:3209:8)\n' +
    '    at model.Query.exec (/home/himasnhu/Desktop/express-demo/node_modules/mongoose/lib/query.js:4321:28)\n' +
    '    at processTicksAndRejections (node:internal/process/task_queues:96:5)\n' +
    '    at /home/himasnhu/Desktop/express-demo/routes/genres.js:37:19\n' +
    '    at /home/himasnhu/Desktop/express-demo/middleware/async.js:4:13',
  timestamp: '2023-04-05 18:40:21'
}
{
  level: 'error',
  message: 'Operation `genres.insertOne()` buffering timed out after 10000ms Operation `genres.insertOne()` buffering timed out after 10000ms',
  stack: 'MongooseError: Operation `genres.insertOne()` buffering timed out after 10000ms\n' +
    '    at Timeout.<anonymous> (/home/himasnhu/Desktop/express-demo/node_modules/mongoose/lib/drivers/node-mongodb-native/collection.js:185:23)\n' +
    '    at listOnTimeout (node:internal/timers:559:17)\n' +
    '    at processTimers (node:internal/timers:502:7)',
  timestamp: '2023-04-06 15:45:52'
}
{
  level: 'error',
  message: 'Operation `genres.insertOne()` buffering timed out after 10000ms Operation `genres.insertOne()` buffering timed out after 10000ms',
  stack: 'MongooseError: Operation `genres.insertOne()` buffering timed out after 10000ms\n' +
    '    at Timeout.<anonymous> (/home/himasnhu/Desktop/express-demo/node_modules/mongoose/lib/drivers/node-mongodb-native/collection.js:185:23)\n' +
    '    at listOnTimeout (node:internal/timers:559:17)\n' +
    '    at processTimers (node:internal/timers:502:7)',
  timestamp: '2023-04-06 15:46:02'
}
{
  level: 'error',
  message: 'Operation `genres.insertOne()` buffering timed out after 10000ms Operation `genres.insertOne()` buffering timed out after 10000ms',
  stack: 'MongooseError: Operation `genres.insertOne()` buffering timed out after 10000ms\n' +
    '    at Timeout.<anonymous> (/home/himasnhu/Desktop/express-demo/node_modules/mongoose/lib/drivers/node-mongodb-native/collection.js:185:23)\n' +
    '    at listOnTimeout (node:internal/timers:559:17)\n' +
    '    at processTimers (node:internal/timers:502:7)',
  timestamp: '2023-04-06 15:48:14'
}
